<?xml version="1.0" encoding="UTF-8" ?>
<testsuite tests="1" failures="0" name="indra.curso.mvc.HomeControllerTest" time="0.006" errors="0" skipped="0">
  <properties>
    <property name="java.vendor" value="Oracle Corporation"/>
    <property name="JOB_NAME" value="back"/>
    <property name="PWD" value="/Users/javierdiaz/Downloads/apache-tomcat-7.0.88/bin"/>
    <property name="JDK_JAVA_OPTIONS" value=" --add-opens=java.base/java.lang=ALL-UNNAMED --add-opens=java.base/java.io=ALL-UNNAMED --add-opens=java.rmi/sun.rmi.transport=ALL-UNNAMED"/>
    <property name="sun.java.launcher" value="SUN_STANDARD"/>
    <property name="sun.management.compiler" value="HotSpot 64-Bit Tiered Compilers"/>
    <property name="JENKINS_HOME" value="/Users/javierdiaz/.jenkins"/>
    <property name="PATH" value="/Library/Java/JavaVirtualMachines/jdk1.8.0_171.jdk/Contents/Home//bin:/opt/local/bin:/opt/local/sbin:/Users/javierdiaz/apache-maven-3.6.0/bin/:/usr/local/bin:/usr/bin:/bin:/usr/sbin:/sbin"/>
    <property name="https.proxyHost" value="proxy.indra.es"/>
    <property name="HUDSON_SERVER_COOKIE" value="26fd54955cfff489"/>
    <property name="POM_ARTIFACTID" value="mvc"/>
    <property name="os.name" value="Mac OS X"/>
    <property name="TERM_PROGRAM" value="Apple_Terminal"/>
    <property name="sun.boot.class.path" value="/Library/Java/JavaVirtualMachines/jdk1.8.0_171.jdk/Contents/Home/jre/lib/resources.jar:/Library/Java/JavaVirtualMachines/jdk1.8.0_171.jdk/Contents/Home/jre/lib/rt.jar:/Library/Java/JavaVirtualMachines/jdk1.8.0_171.jdk/Contents/Home/jre/lib/sunrsasign.jar:/Library/Java/JavaVirtualMachines/jdk1.8.0_171.jdk/Contents/Home/jre/lib/jsse.jar:/Library/Java/JavaVirtualMachines/jdk1.8.0_171.jdk/Contents/Home/jre/lib/jce.jar:/Library/Java/JavaVirtualMachines/jdk1.8.0_171.jdk/Contents/Home/jre/lib/charsets.jar:/Library/Java/JavaVirtualMachines/jdk1.8.0_171.jdk/Contents/Home/jre/lib/jfr.jar:/Library/Java/JavaVirtualMachines/jdk1.8.0_171.jdk/Contents/Home/jre/classes"/>
    <property name="EXECUTOR_NUMBER" value="0"/>
    <property name="TERM_SESSION_ID" value="CE281CA6-6C24-40DE-A86C-1095667177F8"/>
    <property name="java.vm.specification.vendor" value="Oracle Corporation"/>
    <property name="POM_DISPLAYNAME" value="springMVC"/>
    <property name="NODE_LABELS" value="master"/>
    <property name="java.runtime.version" value="1.8.0_171-b11"/>
    <property name="http.proxyPort" value="8080"/>
    <property name="user.name" value="javierdiaz"/>
    <property name="guice.disable.misplaced.annotation.check" value="true"/>
    <property name="SECURITYSESSIONID" value="1bd7d"/>
    <property name="user.language" value="es"/>
    <property name="JOB_BASE_NAME" value="back"/>
    <property name="RUN_CHANGES_DISPLAY_URL" value="http://localhost:8080/job/back/43/display/redirect?page=changes"/>
    <property name="BUILD_DISPLAY_NAME" value="#43"/>
    <property name="TMPDIR" value="/var/folders/b7/_x3frn950s5ft3979gxks4fr0000gn/T/"/>
    <property name="sun.boot.library.path" value="/Library/Java/JavaVirtualMachines/jdk1.8.0_171.jdk/Contents/Home/jre/lib"/>
    <property name="java.version" value="1.8.0_171"/>
    <property name="XPC_FLAGS" value="0x0"/>
    <property name="user.timezone" value="Europe/Madrid"/>
    <property name="sun.arch.data.model" value="64"/>
    <property name="NODE_NAME" value="master"/>
    <property name="TERM" value="xterm-256color"/>
    <property name="http.nonProxyHosts" value="local|*.local|169.254/16|*.169.254/16"/>
    <property name="java.endorsed.dirs" value="/Library/Java/JavaVirtualMachines/jdk1.8.0_171.jdk/Contents/Home/jre/lib/endorsed"/>
    <property name="BUILD_ID" value="43"/>
    <property name="sun.cpu.isalist" value=""/>
    <property name="sun.jnu.encoding" value="UTF-8"/>
    <property name="file.encoding.pkg" value="sun.io"/>
    <property name="SHELL" value="/bin/bash"/>
    <property name="file.separator" value="/"/>
    <property name="java.specification.name" value="Java Platform API Specification"/>
    <property name="maven.conf" value="/Users/javierdiaz/apache-maven-3.6.0/conf"/>
    <property name="java.class.version" value="52.0"/>
    <property name="org.slf4j.simpleLogger.defaultLogLevel" value="info"/>
    <property name="user.country" value="ES"/>
    <property name="java.home" value="/Library/Java/JavaVirtualMachines/jdk1.8.0_171.jdk/Contents/Home/jre"/>
    <property name="java.vm.info" value="mixed mode"/>
    <property name="os.version" value="10.14.3"/>
    <property name="https.proxyPort" value="8080"/>
    <property name="RUN_DISPLAY_URL" value="http://localhost:8080/job/back/43/display/redirect"/>
    <property name="POM_VERSION" value="1.0.0-BUILD-SNAPSHOT"/>
    <property name="sun.font.fontmanager" value="sun.font.CFontManager"/>
    <property name="path.separator" value=":"/>
    <property name="java.vm.version" value="25.171-b11"/>
    <property name="GIT_PREVIOUS_COMMIT" value="9b4f49ac216b5a54dd134bd1bde75a5b3590e070"/>
    <property name="JOB_DISPLAY_URL" value="http://localhost:8080/job/back/display/redirect"/>
    <property name="SHLVL" value="2"/>
    <property name="_" value="/Library/Java/JavaVirtualMachines/jdk1.8.0_171.jdk/Contents/Home/bin/java"/>
    <property name="java.awt.printerjob" value="sun.lwawt.macosx.CPrinterJob"/>
    <property name="JAVA_HOME" value="/Library/Java/JavaVirtualMachines/jdk1.8.0_171.jdk/Contents/Home/"/>
    <property name="sun.io.unicode.encoding" value="UnicodeBig"/>
    <property name="awt.toolkit" value="sun.lwawt.macosx.LWCToolkit"/>
    <property name="LOGNAME" value="javierdiaz"/>
    <property name="socksNonProxyHosts" value="local|*.local|169.254/16|*.169.254/16"/>
    <property name="POM_PACKAGING" value="war"/>
    <property name="ftp.nonProxyHosts" value="local|*.local|169.254/16|*.169.254/16"/>
    <property name="HOME" value="/Users/javierdiaz"/>
    <property name="POM_GROUPID" value="indra.curso"/>
    <property name="JAVA_MAIN_CLASS_26596" value="org.apache.catalina.startup.Bootstrap"/>
    <property name="user.home" value="/Users/javierdiaz"/>
    <property name="BUILD_TAG" value="jenkins-back-43"/>
    <property name="JENKINS_SERVER_COOKIE" value="26fd54955cfff489"/>
    <property name="HUDSON_URL" value="http://localhost:8080/"/>
    <property name="XPC_SERVICE_NAME" value="0"/>
    <property name="java.specification.vendor" value="Oracle Corporation"/>
    <property name="CLASSPATH" value=""/>
    <property name="java.vendor.url" value="http://java.oracle.com/"/>
    <property name="java.library.path" value="/Users/javierdiaz/Library/Java/Extensions:/Library/Java/Extensions:/Network/Library/Java/Extensions:/System/Library/Java/Extensions:/usr/lib/java:."/>
    <property name="Apple_PubSub_Socket_Render" value="/private/tmp/com.apple.launchd.Eehs5UQLCU/Render"/>
    <property name="gopherProxySet" value="false"/>
    <property name="java.vm.vendor" value="Oracle Corporation"/>
    <property name="java.runtime.name" value="Java(TM) SE Runtime Environment"/>
    <property name="maven.home" value="/Users/javierdiaz/apache-maven-3.6.0"/>
    <property name="java.class.path" value="/Users/javierdiaz/.jenkins/plugins/maven-plugin/WEB-INF/lib/maven35-agent-1.12.jar:/Users/javierdiaz/apache-maven-3.6.0/boot/plexus-classworlds-2.5.2.jar:/Users/javierdiaz/apache-maven-3.6.0/conf/logging"/>
    <property name="sun.java.command" value="jenkins.maven3.agent.Maven35Main /Users/javierdiaz/apache-maven-3.6.0/ /Users/javierdiaz/Downloads/apache-tomcat-7.0.88/webapps/jenkins/WEB-INF/lib/remoting-3.28.jar /Users/javierdiaz/.jenkins/plugins/maven-plugin/WEB-INF/lib/maven35-interceptor-1.12.jar /Users/javierdiaz/.jenkins/plugins/maven-plugin/WEB-INF/lib/maven3-interceptor-commons-1.12.jar 50275"/>
    <property name="java.vm.specification.name" value="Java Virtual Machine Specification"/>
    <property name="PATH+JDK" value="/Library/Java/JavaVirtualMachines/jdk1.8.0_171.jdk/Contents/Home//bin"/>
    <property name="java.vm.specification.version" value="1.8"/>
    <property name="sun.os.patch.level" value="unknown"/>
    <property name="sun.cpu.endian" value="little"/>
    <property name="M2_HOME" value="/Users/javierdiaz/apache-maven-3.6.0/"/>
    <property name="java.io.tmpdir" value="/var/folders/b7/_x3frn950s5ft3979gxks4fr0000gn/T/"/>
    <property name="HUDSON_HOME" value="/Users/javierdiaz/.jenkins"/>
    <property name="PATH+MAVEN" value="/Users/javierdiaz/apache-maven-3.6.0//bin"/>
    <property name="BUILD_URL" value="http://localhost:8080/job/back/43/"/>
    <property name="java.vendor.url.bug" value="http://bugreport.sun.com/bugreport/"/>
    <property name="http.proxyHost" value="proxy.indra.es"/>
    <property name="SSH_AUTH_SOCK" value="/private/tmp/com.apple.launchd.1KrFxgnabY/Listeners"/>
    <property name="java.awt.graphicsenv" value="sun.awt.CGraphicsEnvironment"/>
    <property name="os.arch" value="x86_64"/>
    <property name="java.ext.dirs" value="/Users/javierdiaz/Library/Java/Extensions:/Library/Java/JavaVirtualMachines/jdk1.8.0_171.jdk/Contents/Home/jre/lib/ext:/Library/Java/Extensions:/Network/Library/Java/Extensions:/System/Library/Java/Extensions:/usr/lib/java"/>
    <property name="__CF_USER_TEXT_ENCODING" value="0x1F5:0x0:0x8"/>
    <property name="user.dir" value="/Users/javierdiaz/git/springMvc/springMVC"/>
    <property name="JOB_URL" value="http://localhost:8080/job/back/"/>
    <property name="line.separator" value="
"/>
    <property name="MAVEN_HOME" value="/Users/javierdiaz/apache-maven-3.6.0/"/>
    <property name="java.vm.name" value="Java HotSpot(TM) 64-Bit Server VM"/>
    <property name="BUILD_NUMBER" value="43"/>
    <property name="JENKINS_URL" value="http://localhost:8080/"/>
    <property name="TERM_PROGRAM_VERSION" value="421.1"/>
    <property name="GIT_BRANCH" value="origin/feature/profe"/>
    <property name="maven.test.failure.ignore" value="true"/>
    <property name="GIT_COMMIT" value="9b4f49ac216b5a54dd134bd1bde75a5b3590e070"/>
    <property name="file.encoding" value="UTF-8"/>
    <property name="LANG" value="es_ES.UTF-8"/>
    <property name="maven3.interceptor" value="/Users/javierdiaz/.jenkins/plugins/maven-plugin/WEB-INF/lib/maven35-interceptor-1.12.jar"/>
    <property name="WORKSPACE" value="/Users/javierdiaz/.jenkins/workspace/back"/>
    <property name="maven3.interceptor.common" value="/Users/javierdiaz/.jenkins/plugins/maven-plugin/WEB-INF/lib/maven3-interceptor-commons-1.12.jar"/>
    <property name="java.specification.version" value="1.8"/>
    <property name="USER" value="javierdiaz"/>
    <property name="GIT_URL" value="https://github.com/jdiazbasgit/springMvc.git"/>
  </properties>
  <testcase classname="indra.curso.mvc.HomeControllerTest" name="test" time="0.006"/>
</testsuite>